<?xml version="1.0" encoding="UTF-8"?>
<!-- Generated by org.testng.reporters.JUnitReportReporter -->
<testsuite skipped="0" hostname="Sofiya-PC" name="toolSQA.SimpleGetTest" tests="1" failures="0" timestamp="2020-05-14T11:41:08 IST" time="3.330" errors="0">
  <testcase name="GetWeatherDetails" time="3.330" classname="toolSQA.SimpleGetTest"/>
  <system-out/>
</testsuite> <!-- toolSQA.SimpleGetTest -->
